141110 16:27:09 mysqld_safe Starting mysqld daemon with databases from /home/action/.parts/var/mysql
2014-11-10 16:27:11 0 [Warning] TIMESTAMP with implicit DEFAULT value is deprecated. Please use --explicit_defaults_for_timestamp server option (see documentation for more details).
2014-11-10 16:27:11 496 [Note] Plugin 'FEDERATED' is disabled.
2014-11-10 16:27:11 496 [Note] InnoDB: The InnoDB memory heap is disabled
2014-11-10 16:27:11 496 [Note] InnoDB: Mutexes and rw_locks use GCC atomic builtins
2014-11-10 16:27:11 496 [Note] InnoDB: Compressed tables use zlib 1.2.3
2014-11-10 16:27:11 496 [Note] InnoDB: Using CPU crc32 instructions
2014-11-10 16:27:11 496 [Note] InnoDB: Initializing buffer pool, size = 128.0M
2014-11-10 16:27:11 496 [Note] InnoDB: Completed initialization of buffer pool
2014-11-10 16:27:11 496 [Note] InnoDB: Highest supported file format is Barracuda.
2014-11-10 16:27:11 496 [Note] InnoDB: The log sequence numbers 1625987 and 1625987 in ibdata files do not match the log sequence number 1625997 in the ib_logfiles!
2014-11-10 16:27:11 496 [Note] InnoDB: Database was not shutdown normally!
2014-11-10 16:27:11 496 [Note] InnoDB: Starting crash recovery.
2014-11-10 16:27:11 496 [Note] InnoDB: Reading tablespace information from the .ibd files...
2014-11-10 16:27:11 496 [Note] InnoDB: Restoring possible half-written data pages 
2014-11-10 16:27:11 496 [Note] InnoDB: from the doublewrite buffer...
2014-11-10 16:27:13 496 [Note] InnoDB: 128 rollback segment(s) are active.
2014-11-10 16:27:13 496 [Note] InnoDB: Waiting for purge to start
2014-11-10 16:27:13 496 [Note] InnoDB: 5.6.13 started; log sequence number 1625997
2014-11-10 16:27:13 496 [Note] RSA private key file not found: /home/action/.parts/var/mysql//private_key.pem. Some authentication plugins will not work.
2014-11-10 16:27:13 496 [Note] RSA public key file not found: /home/action/.parts/var/mysql//public_key.pem. Some authentication plugins will not work.
2014-11-10 16:27:13 496 [Note] Server hostname (bind-address): '*'; port: 3306
2014-11-10 16:27:13 496 [Note] IPv6 is available.
2014-11-10 16:27:13 496 [Note]   - '::' resolves to '::';
2014-11-10 16:27:13 496 [Note] Server socket created on IP: '::'.
2014-11-10 16:27:13 496 [Note] Event Scheduler: Loaded 0 events
2014-11-10 16:27:13 496 [Note] /home/action/.parts/packages/mysql/5.6.13/bin/mysqld: ready for connections.
Version: '5.6.13'  socket: '/tmp/mysql.sock'  port: 3306  Source distribution
2014-11-11 18:00:49 496 [Note] /home/action/.parts/packages/mysql/5.6.13/bin/mysqld: Normal shutdown

2014-11-11 18:00:49 496 [Note] Giving 0 client threads a chance to die gracefully
2014-11-11 18:00:49 496 [Note] Event Scheduler: Purging the queue. 0 events
2014-11-11 18:00:49 496 [Note] Shutting down slave threads
2014-11-11 18:00:49 496 [Note] Forcefully disconnecting 0 remaining clients
2014-11-11 18:00:49 496 [Note] Binlog end
2014-11-11 18:00:49 496 [Note] Shutting down plugin 'partition'
2014-11-11 18:00:49 496 [Note] Shutting down plugin 'ARCHIVE'
2014-11-11 18:00:49 496 [Note] Shutting down plugin 'PERFORMANCE_SCHEMA'
2014-11-11 18:00:49 496 [Note] Shutting down plugin 'INNODB_SYS_DATAFILES'
2014-11-11 18:00:49 496 [Note] Shutting down plugin 'INNODB_SYS_TABLESPACES'
2014-11-11 18:00:49 496 [Note] Shutting down plugin 'INNODB_SYS_FOREIGN_COLS'
2014-11-11 18:00:49 496 [Note] Shutting down plugin 'INNODB_SYS_FOREIGN'
2014-11-11 18:00:49 496 [Note] Shutting down plugin 'INNODB_SYS_FIELDS'
2014-11-11 18:00:49 496 [Note] Shutting down plugin 'INNODB_SYS_COLUMNS'
2014-11-11 18:00:49 496 [Note] Shutting down plugin 'INNODB_SYS_INDEXES'
2014-11-11 18:00:49 496 [Note] Shutting down plugin 'INNODB_SYS_TABLESTATS'
2014-11-11 18:00:49 496 [Note] Shutting down plugin 'INNODB_SYS_TABLES'
2014-11-11 18:00:49 496 [Note] Shutting down plugin 'INNODB_FT_INDEX_TABLE'
2014-11-11 18:00:49 496 [Note] Shutting down plugin 'INNODB_FT_INDEX_CACHE'
2014-11-11 18:00:49 496 [Note] Shutting down plugin 'INNODB_FT_CONFIG'
2014-11-11 18:00:49 496 [Note] Shutting down plugin 'INNODB_FT_BEING_DELETED'
2014-11-11 18:00:49 496 [Note] Shutting down plugin 'INNODB_FT_DELETED'
2014-11-11 18:00:49 496 [Note] Shutting down plugin 'INNODB_FT_DEFAULT_STOPWORD'
2014-11-11 18:00:49 496 [Note] Shutting down plugin 'INNODB_METRICS'
2014-11-11 18:00:49 496 [Note] Shutting down plugin 'INNODB_BUFFER_POOL_STATS'
2014-11-11 18:00:49 496 [Note] Shutting down plugin 'INNODB_BUFFER_PAGE_LRU'
2014-11-11 18:00:49 496 [Note] Shutting down plugin 'INNODB_BUFFER_PAGE'
2014-11-11 18:00:49 496 [Note] Shutting down plugin 'INNODB_CMP_PER_INDEX_RESET'
2014-11-11 18:00:49 496 [Note] Shutting down plugin 'INNODB_CMP_PER_INDEX'
2014-11-11 18:00:49 496 [Note] Shutting down plugin 'INNODB_CMPMEM_RESET'
2014-11-11 18:00:49 496 [Note] Shutting down plugin 'INNODB_CMPMEM'
2014-11-11 18:00:49 496 [Note] Shutting down plugin 'INNODB_CMP_RESET'
2014-11-11 18:00:49 496 [Note] Shutting down plugin 'INNODB_CMP'
2014-11-11 18:00:49 496 [Note] Shutting down plugin 'INNODB_LOCK_WAITS'
2014-11-11 18:00:49 496 [Note] Shutting down plugin 'INNODB_LOCKS'
2014-11-11 18:00:49 496 [Note] Shutting down plugin 'INNODB_TRX'
2014-11-11 18:00:49 496 [Note] Shutting down plugin 'InnoDB'
2014-11-11 18:00:49 496 [Note] InnoDB: FTS optimize thread exiting.
2014-11-11 18:00:49 496 [Note] InnoDB: Starting shutdown...
2014-11-11 18:00:51 496 [Note] InnoDB: Shutdown completed; log sequence number 3802155
2014-11-11 18:00:51 496 [Note] Shutting down plugin 'BLACKHOLE'
2014-11-11 18:00:51 496 [Note] Shutting down plugin 'MyISAM'
2014-11-11 18:00:51 496 [Note] Shutting down plugin 'MEMORY'
2014-11-11 18:00:51 496 [Note] Shutting down plugin 'CSV'
2014-11-11 18:00:51 496 [Note] Shutting down plugin 'MRG_MYISAM'
2014-11-11 18:00:51 496 [Note] Shutting down plugin 'sha256_password'
2014-11-11 18:00:51 496 [Note] Shutting down plugin 'mysql_old_password'
2014-11-11 18:00:51 496 [Note] Shutting down plugin 'mysql_native_password'
2014-11-11 18:00:51 496 [Note] Shutting down plugin 'binlog'
2014-11-11 18:00:51 496 [Note] /home/action/.parts/packages/mysql/5.6.13/bin/mysqld: Shutdown complete

141111 18:00:51 mysqld_safe mysqld from pid file /home/action/.parts/var/mysql/steady-beast-11-164403.pid ended
141202 23:13:11 mysqld_safe Starting mysqld daemon with databases from /home/action/.parts/var/mysql
2014-12-02 23:13:13 0 [Warning] TIMESTAMP with implicit DEFAULT value is deprecated. Please use --explicit_defaults_for_timestamp server option (see documentation for more details).
2014-12-02 23:13:13 475 [Note] Plugin 'FEDERATED' is disabled.
2014-12-02 23:13:13 475 [Note] InnoDB: The InnoDB memory heap is disabled
2014-12-02 23:13:13 475 [Note] InnoDB: Mutexes and rw_locks use GCC atomic builtins
2014-12-02 23:13:13 475 [Note] InnoDB: Compressed tables use zlib 1.2.3
2014-12-02 23:13:13 475 [Note] InnoDB: Using CPU crc32 instructions
2014-12-02 23:13:13 475 [Note] InnoDB: Initializing buffer pool, size = 128.0M
2014-12-02 23:13:13 475 [Note] InnoDB: Completed initialization of buffer pool
2014-12-02 23:13:13 475 [Note] InnoDB: Highest supported file format is Barracuda.
2014-12-02 23:13:13 475 [Note] InnoDB: 128 rollback segment(s) are active.
2014-12-02 23:13:13 475 [Note] InnoDB: Waiting for purge to start
2014-12-02 23:13:13 475 [Note] InnoDB: 5.6.13 started; log sequence number 3802155
2014-12-02 23:13:13 475 [Note] RSA private key file not found: /home/action/.parts/var/mysql//private_key.pem. Some authentication plugins will not work.
2014-12-02 23:13:13 475 [Note] RSA public key file not found: /home/action/.parts/var/mysql//public_key.pem. Some authentication plugins will not work.
2014-12-02 23:13:13 475 [Note] Server hostname (bind-address): '*'; port: 3306
2014-12-02 23:13:13 475 [Note] IPv6 is available.
2014-12-02 23:13:13 475 [Note]   - '::' resolves to '::';
2014-12-02 23:13:13 475 [Note] Server socket created on IP: '::'.
2014-12-02 23:13:14 475 [Note] Event Scheduler: Loaded 0 events
2014-12-02 23:13:14 475 [Note] /home/action/.parts/packages/mysql/5.6.13/bin/mysqld: ready for connections.
Version: '5.6.13'  socket: '/tmp/mysql.sock'  port: 3306  Source distribution
